{"meta": {"format": 3, "version": "7.13.5", "timestamp": "2026-04-08T12:53:23.483452", "branch_coverage": false, "show_contexts": false}, "files": {"/root/.openclaw/workspace/skills/zero-idle-enforcer/enforcer.py": {"executed_lines": [6, 7, 8, 9, 10, 11, 12, 15, 16, 17, 18, 21, 22, 23, 26, 27, 28, 29, 30, 33, 35, 36, 37, 40, 41, 42, 45, 50, 53, 54, 66, 70, 71, 72, 73, 74, 75, 76, 78, 79, 80, 81, 82, 83, 86, 87, 88, 89, 90, 91, 92, 93, 97, 99, 100, 102, 105, 107, 108, 109, 110, 111, 112, 113, 114, 115, 116, 118, 121, 124, 126, 129, 130, 134, 135, 138, 139, 140, 142, 146, 147, 148, 151, 152, 153, 154, 156, 159, 161, 162, 172, 175, 177, 178, 179, 180, 181, 182, 188, 190, 191, 192, 193, 194, 195, 196, 197, 198, 199, 204, 249, 279, 304, 328, 351, 423, 480, 521], "summary": {"covered_lines": 118, "num_statements": 318, "percent_covered": 37.106918238993714, "percent_covered_display": "37", "missing_lines": 200, "excluded_lines": 2, "percent_statements_covered": 37.106918238993714, "percent_statements_covered_display": "37"}, "missing_lines": [55, 56, 57, 58, 59, 60, 61, 62, 63, 67, 94, 95, 119, 120, 131, 136, 143, 163, 164, 165, 166, 167, 168, 169, 170, 171, 183, 184, 185, 200, 201, 209, 210, 213, 214, 215, 216, 219, 220, 221, 223, 224, 225, 226, 229, 230, 233, 234, 237, 238, 239, 241, 242, 245, 246, 253, 261, 262, 263, 265, 266, 267, 268, 269, 271, 272, 273, 274, 276, 281, 283, 290, 291, 292, 293, 300, 301, 306, 308, 315, 316, 317, 318, 324, 325, 330, 341, 342, 343, 346, 348, 355, 356, 359, 361, 362, 363, 371, 372, 373, 374, 375, 376, 377, 378, 379, 380, 383, 385, 386, 387, 395, 396, 406, 407, 409, 410, 412, 415, 417, 418, 420, 425, 426, 428, 429, 430, 432, 433, 435, 436, 437, 438, 439, 440, 441, 442, 443, 444, 446, 447, 448, 449, 451, 477, 483, 485, 486, 487, 488, 489, 490, 491, 492, 495, 496, 497, 499, 514, 515, 516, 518, 522, 523, 524, 526, 528, 529, 530, 533, 534, 535, 536, 538, 539, 540, 541, 542, 543, 544, 545, 547, 548, 549, 551, 552, 553, 554, 555, 556, 557, 558, 560, 561, 562, 564, 565, 566, 567, 568], "excluded_lines": [571, 572], "functions": {"log_message": {"executed_lines": [35, 36, 37, 40, 41, 42], "summary": {"covered_lines": 6, "num_statements": 6, "percent_covered": 100.0, "percent_covered_display": "100", "missing_lines": 0, "excluded_lines": 0, "percent_statements_covered": 100.0, "percent_statements_covered_display": "100"}, "missing_lines": [], "excluded_lines": [], "start_line": 33}, "get_last_user_activity": {"executed_lines": [50, 53, 54, 66, 70, 71, 72, 73, 74, 75, 76, 78, 79, 80, 81, 82, 83, 86, 87, 88, 89, 90, 91, 92, 93, 97, 99, 100, 102], "summary": {"covered_lines": 29, "num_statements": 41, "percent_covered": 70.73170731707317, "percent_covered_display": "71", "missing_lines": 12, "excluded_lines": 0, "percent_statements_covered": 70.73170731707317, "percent_statements_covered_display": "71"}, "missing_lines": [55, 56, 57, 58, 59, 60, 61, 62, 63, 67, 94, 95], "excluded_lines": [], "start_line": 45}, "get_token_level": {"executed_lines": [107, 108, 109, 110, 111, 112, 113, 114, 115, 116, 118, 121], "summary": {"covered_lines": 12, "num_statements": 14, "percent_covered": 85.71428571428571, "percent_covered_display": "86", "missing_lines": 2, "excluded_lines": 0, "percent_statements_covered": 85.71428571428571, "percent_statements_covered_display": "86"}, "missing_lines": [119, 120], "excluded_lines": [], "start_line": 105}, "check_trigger_conditions": {"executed_lines": [126, 129, 130, 134, 135, 138, 139, 140, 142, 146, 147, 148, 151, 152, 153, 154, 156], "summary": {"covered_lines": 17, "num_statements": 20, "percent_covered": 85.0, "percent_covered_display": "85", "missing_lines": 3, "excluded_lines": 0, "percent_statements_covered": 85.0, "percent_statements_covered_display": "85"}, "missing_lines": [131, 136, 143], "excluded_lines": [], "start_line": 124}, "check_explicit_blocker": {"executed_lines": [161, 162, 172], "summary": {"covered_lines": 3, "num_statements": 12, "percent_covered": 25.0, "percent_covered_display": "25", "missing_lines": 9, "excluded_lines": 0, "percent_statements_covered": 25.0, "percent_statements_covered_display": "25"}, "missing_lines": [163, 164, 165, 166, 167, 168, 169, 170, 171], "excluded_lines": [], "start_line": 159}, "get_last_fill_time": {"executed_lines": [177, 178, 179, 180, 181, 182], "summary": {"covered_lines": 6, "num_statements": 9, "percent_covered": 66.66666666666667, "percent_covered_display": "67", "missing_lines": 3, "excluded_lines": 0, "percent_statements_covered": 66.66666666666667, "percent_statements_covered_display": "67"}, "missing_lines": [183, 184, 185], "excluded_lines": [], "start_line": 175}, "save_fill_time": {"executed_lines": [190, 191, 192, 193, 194, 195, 196, 197, 198, 199], "summary": {"covered_lines": 10, "num_statements": 12, "percent_covered": 83.33333333333333, "percent_covered_display": "83", "missing_lines": 2, "excluded_lines": 0, "percent_statements_covered": 83.33333333333333, "percent_statements_covered_display": "83"}, "missing_lines": [200, 201], "excluded_lines": [], "start_line": 188}, "detect_idle_state": {"executed_lines": [], "summary": {"covered_lines": 0, "num_statements": 24, "percent_covered": 0.0, "percent_covered_display": "0", "missing_lines": 24, "excluded_lines": 0, "percent_statements_covered": 0.0, "percent_statements_covered_display": "0"}, "missing_lines": [209, 210, 213, 214, 215, 216, 219, 220, 221, 223, 224, 225, 226, 229, 230, 233, 234, 237, 238, 239, 241, 242, 245, 246], "excluded_lines": [], "start_line": 204}, "make_fill_decision": {"executed_lines": [], "summary": {"covered_lines": 0, "num_statements": 14, "percent_covered": 0.0, "percent_covered_display": "0", "missing_lines": 14, "excluded_lines": 0, "percent_statements_covered": 0.0, "percent_statements_covered_display": "0"}, "missing_lines": [253, 261, 262, 263, 265, 266, 267, 268, 269, 271, 272, 273, 274, 276], "excluded_lines": [], "start_line": 249}, "execute_line1": {"executed_lines": [], "summary": {"covered_lines": 0, "num_statements": 8, "percent_covered": 0.0, "percent_covered_display": "0", "missing_lines": 8, "excluded_lines": 0, "percent_statements_covered": 0.0, "percent_statements_covered_display": "0"}, "missing_lines": [281, 283, 290, 291, 292, 293, 300, 301], "excluded_lines": [], "start_line": 279}, "execute_line2": {"executed_lines": [], "summary": {"covered_lines": 0, "num_statements": 8, "percent_covered": 0.0, "percent_covered_display": "0", "missing_lines": 8, "excluded_lines": 0, "percent_statements_covered": 0.0, "percent_statements_covered_display": "0"}, "missing_lines": [306, 308, 315, 316, 317, 318, 324, 325], "excluded_lines": [], "start_line": 304}, "record_results": {"executed_lines": [], "summary": {"covered_lines": 0, "num_statements": 6, "percent_covered": 0.0, "percent_covered_display": "0", "missing_lines": 6, "excluded_lines": 0, "percent_statements_covered": 0.0, "percent_statements_covered_display": "0"}, "missing_lines": [330, 341, 342, 343, 346, 348], "excluded_lines": [], "start_line": 328}, "enforce_zero_idle": {"executed_lines": [], "summary": {"covered_lines": 0, "num_statements": 31, "percent_covered": 0.0, "percent_covered_display": "0", "missing_lines": 31, "excluded_lines": 0, "percent_statements_covered": 0.0, "percent_statements_covered_display": "0"}, "missing_lines": [355, 356, 359, 361, 362, 363, 371, 372, 373, 374, 375, 376, 377, 378, 379, 380, 383, 385, 386, 387, 395, 396, 406, 407, 409, 410, 412, 415, 417, 418, 420], "excluded_lines": [], "start_line": 351}, "get_status": {"executed_lines": [], "summary": {"covered_lines": 0, "num_statements": 23, "percent_covered": 0.0, "percent_covered_display": "0", "missing_lines": 23, "excluded_lines": 0, "percent_statements_covered": 0.0, "percent_statements_covered_display": "0"}, "missing_lines": [425, 426, 428, 429, 430, 432, 433, 435, 436, 437, 438, 439, 440, 441, 442, 443, 444, 446, 447, 448, 449, 451, 477], "excluded_lines": [], "start_line": 423}, "generate_report": {"executed_lines": [], "summary": {"covered_lines": 0, "num_statements": 17, "percent_covered": 0.0, "percent_covered_display": "0", "missing_lines": 17, "excluded_lines": 0, "percent_statements_covered": 0.0, "percent_statements_covered_display": "0"}, "missing_lines": [483, 485, 486, 487, 488, 489, 490, 491, 492, 495, 496, 497, 499, 514, 515, 516, 518], "excluded_lines": [], "start_line": 480}, "main": {"executed_lines": [], "summary": {"covered_lines": 0, "num_statements": 38, "percent_covered": 0.0, "percent_covered_display": "0", "missing_lines": 38, "excluded_lines": 0, "percent_statements_covered": 0.0, "percent_statements_covered_display": "0"}, "missing_lines": [522, 523, 524, 526, 528, 529, 530, 533, 534, 535, 536, 538, 539, 540, 541, 542, 543, 544, 545, 547, 548, 549, 551, 552, 553, 554, 555, 556, 557, 558, 560, 561, 562, 564, 565, 566, 567, 568], "excluded_lines": [], "start_line": 521}, "": {"executed_lines": [6, 7, 8, 9, 10, 11, 12, 15, 16, 17, 18, 21, 22, 23, 26, 27, 28, 29, 30, 33, 45, 105, 124, 159, 175, 188, 204, 249, 279, 304, 328, 351, 423, 480, 521], "summary": {"covered_lines": 35, "num_statements": 35, "percent_covered": 100.0, "percent_covered_display": "100", "missing_lines": 0, "excluded_lines": 2, "percent_statements_covered": 100.0, "percent_statements_covered_display": "100"}, "missing_lines": [], "excluded_lines": [571, 572], "start_line": 1}}, "classes": {"": {"executed_lines": [6, 7, 8, 9, 10, 11, 12, 15, 16, 17, 18, 21, 22, 23, 26, 27, 28, 29, 30, 33, 35, 36, 37, 40, 41, 42, 45, 50, 53, 54, 66, 70, 71, 72, 73, 74, 75, 76, 78, 79, 80, 81, 82, 83, 86, 87, 88, 89, 90, 91, 92, 93, 97, 99, 100, 102, 105, 107, 108, 109, 110, 111, 112, 113, 114, 115, 116, 118, 121, 124, 126, 129, 130, 134, 135, 138, 139, 140, 142, 146, 147, 148, 151, 152, 153, 154, 156, 159, 161, 162, 172, 175, 177, 178, 179, 180, 181, 182, 188, 190, 191, 192, 193, 194, 195, 196, 197, 198, 199, 204, 249, 279, 304, 328, 351, 423, 480, 521], "summary": {"covered_lines": 118, "num_statements": 318, "percent_covered": 37.106918238993714, "percent_covered_display": "37", "missing_lines": 200, "excluded_lines": 2, "percent_statements_covered": 37.106918238993714, "percent_statements_covered_display": "37"}, "missing_lines": [55, 56, 57, 58, 59, 60, 61, 62, 63, 67, 94, 95, 119, 120, 131, 136, 143, 163, 164, 165, 166, 167, 168, 169, 170, 171, 183, 184, 185, 200, 201, 209, 210, 213, 214, 215, 216, 219, 220, 221, 223, 224, 225, 226, 229, 230, 233, 234, 237, 238, 239, 241, 242, 245, 246, 253, 261, 262, 263, 265, 266, 267, 268, 269, 271, 272, 273, 274, 276, 281, 283, 290, 291, 292, 293, 300, 301, 306, 308, 315, 316, 317, 318, 324, 325, 330, 341, 342, 343, 346, 348, 355, 356, 359, 361, 362, 363, 371, 372, 373, 374, 375, 376, 377, 378, 379, 380, 383, 385, 386, 387, 395, 396, 406, 407, 409, 410, 412, 415, 417, 418, 420, 425, 426, 428, 429, 430, 432, 433, 435, 436, 437, 438, 439, 440, 441, 442, 443, 444, 446, 447, 448, 449, 451, 477, 483, 485, 486, 487, 488, 489, 490, 491, 492, 495, 496, 497, 499, 514, 515, 516, 518, 522, 523, 524, 526, 528, 529, 530, 533, 534, 535, 536, 538, 539, 540, 541, 542, 543, 544, 545, 547, 548, 549, 551, 552, 553, 554, 555, 556, 557, 558, 560, 561, 562, 564, 565, 566, 567, 568], "excluded_lines": [571, 572], "start_line": 1}}}}, "totals": {"covered_lines": 118, "num_statements": 318, "percent_covered": 37.106918238993714, "percent_covered_display": "37", "missing_lines": 200, "excluded_lines": 2, "percent_statements_covered": 37.106918238993714, "percent_statements_covered_display": "37"}}